<?xml version="1.0" encoding="UTF-8"?>
<testsuite xmlns:xsi="http://www.w3.org/2001/XMLSchema-instance" xsi:noNamespaceSchemaLocation="https://maven.apache.org/surefire/maven-surefire-plugin/xsd/surefire-test-report-3.0.xsd" version="3.0" name="CalculatorTest" time="0.364" tests="8" errors="0" skipped="0" failures="0">
  <properties>
    <property name="sun.desktop" value="gnome"/>
    <property name="awt.toolkit" value="sun.awt.X11.XToolkit"/>
    <property name="java.specification.version" value="11"/>
    <property name="sun.cpu.isalist" value=""/>
    <property name="sun.jnu.encoding" value="UTF-8"/>
    <property name="java.class.path" value="/home/saurabh/Desktop/SPEmini/miniProj/SPE_mini_calc/target/test-classes:/home/saurabh/Desktop/SPEmini/miniProj/SPE_mini_calc/target/classes:/home/saurabh/.m2/repository/junit/junit/4.13.2/junit-4.13.2.jar:/home/saurabh/.m2/repository/org/hamcrest/hamcrest-core/1.3/hamcrest-core-1.3.jar:/home/saurabh/.m2/repository/org/apache/logging/log4j/log4j-api/2.17.2/log4j-api-2.17.2.jar:/home/saurabh/.m2/repository/org/apache/logging/log4j/log4j-core/2.17.2/log4j-core-2.17.2.jar:"/>
    <property name="java.vm.vendor" value="Ubuntu"/>
    <property name="sun.arch.data.model" value="64"/>
    <property name="java.vendor.url" value="https://ubuntu.com/"/>
    <property name="user.timezone" value=""/>
    <property name="java.vm.specification.version" value="11"/>
    <property name="os.name" value="Linux"/>
    <property name="sun.java.launcher" value="SUN_STANDARD"/>
    <property name="user.country" value="IN"/>
    <property name="sun.boot.library.path" value="/usr/lib/jvm/java-11-openjdk-amd64/lib"/>
    <property name="sun.java.command" value="/home/saurabh/Desktop/SPEmini/miniProj/SPE_mini_calc/target/surefire/surefirebooter-20230321235134174_3.jar /home/saurabh/Desktop/SPEmini/miniProj/SPE_mini_calc/target/surefire 2023-03-21T23-51-34_020-jvmRun1 surefire-20230321235134174_1tmp surefire_0-20230321235134174_2tmp"/>
    <property name="jdk.debug" value="release"/>
    <property name="surefire.test.class.path" value="/home/saurabh/Desktop/SPEmini/miniProj/SPE_mini_calc/target/test-classes:/home/saurabh/Desktop/SPEmini/miniProj/SPE_mini_calc/target/classes:/home/saurabh/.m2/repository/junit/junit/4.13.2/junit-4.13.2.jar:/home/saurabh/.m2/repository/org/hamcrest/hamcrest-core/1.3/hamcrest-core-1.3.jar:/home/saurabh/.m2/repository/org/apache/logging/log4j/log4j-api/2.17.2/log4j-api-2.17.2.jar:/home/saurabh/.m2/repository/org/apache/logging/log4j/log4j-core/2.17.2/log4j-core-2.17.2.jar:"/>
    <property name="sun.cpu.endian" value="little"/>
    <property name="user.home" value="/home/saurabh"/>
    <property name="user.language" value="en"/>
    <property name="java.specification.vendor" value="Oracle Corporation"/>
    <property name="java.version.date" value="2023-01-17"/>
    <property name="java.home" value="/usr/lib/jvm/java-11-openjdk-amd64"/>
    <property name="file.separator" value="/"/>
    <property name="basedir" value="/home/saurabh/Desktop/SPEmini/miniProj/SPE_mini_calc"/>
    <property name="java.vm.compressedOopsMode" value="32-bit"/>
    <property name="line.separator" value="&#10;"/>
    <property name="java.specification.name" value="Java Platform API Specification"/>
    <property name="java.vm.specification.vendor" value="Oracle Corporation"/>
    <property name="java.awt.graphicsenv" value="sun.awt.X11GraphicsEnvironment"/>
    <property name="surefire.real.class.path" value="/home/saurabh/Desktop/SPEmini/miniProj/SPE_mini_calc/target/surefire/surefirebooter-20230321235134174_3.jar"/>
    <property name="sun.management.compiler" value="HotSpot 64-Bit Tiered Compilers"/>
    <property name="java.runtime.version" value="11.0.18+10-post-Ubuntu-0ubuntu120.04.1"/>
    <property name="user.name" value="saurabh"/>
    <property name="path.separator" value=":"/>
    <property name="os.version" value="5.4.0-144-generic"/>
    <property name="java.runtime.name" value="OpenJDK Runtime Environment"/>
    <property name="file.encoding" value="UTF-8"/>
    <property name="java.vm.name" value="OpenJDK 64-Bit Server VM"/>
    <property name="localRepository" value="/home/saurabh/.m2/repository"/>
    <property name="java.vendor.url.bug" value="https://bugs.launchpad.net/ubuntu/+source/openjdk-lts"/>
    <property name="java.io.tmpdir" value="/tmp"/>
    <property name="java.version" value="11.0.18"/>
    <property name="user.dir" value="/home/saurabh/Desktop/SPEmini/miniProj/SPE_mini_calc"/>
    <property name="os.arch" value="amd64"/>
    <property name="java.vm.specification.name" value="Java Virtual Machine Specification"/>
    <property name="java.awt.printerjob" value="sun.print.PSPrinterJob"/>
    <property name="sun.os.patch.level" value="unknown"/>
    <property name="java.library.path" value="/usr/java/packages/lib:/usr/lib/x86_64-linux-gnu/jni:/lib/x86_64-linux-gnu:/usr/lib/x86_64-linux-gnu:/usr/lib/jni:/lib:/usr/lib"/>
    <property name="java.vm.info" value="mixed mode, sharing"/>
    <property name="java.vendor" value="Ubuntu"/>
    <property name="java.vm.version" value="11.0.18+10-post-Ubuntu-0ubuntu120.04.1"/>
    <property name="sun.io.unicode.encoding" value="UnicodeLittle"/>
    <property name="java.class.version" value="55.0"/>
  </properties>
  <testcase name="sqrootTrueNegative" classname="CalculatorTest" time="0.309">
    <system-out><![CDATA[23:51:34.699 [main] INFO  calculator.Calculator - Sq root 3.0
23:51:34.701 [main] INFO  calculator.Calculator - Result - sq root= 1.7320508075688772
23:51:34.701 [main] INFO  calculator.Calculator - Sq root 4.0
23:51:34.701 [main] INFO  calculator.Calculator - Result - sq root= 2.0
]]></system-out>
  </testcase>
  <testcase name="logTruePositive" classname="CalculatorTest" time="0">
    <system-out><![CDATA[23:51:34.702 [main] INFO  calculator.Calculator - Natural Log 1.0
23:51:34.702 [main] INFO  calculator.Calculator - Result - Natural Log= 0.0
23:51:34.702 [main] INFO  calculator.Calculator - Natural Log 300.0
23:51:34.702 [main] INFO  calculator.Calculator - Result - Natural Log= 5.703782474656201
]]></system-out>
  </testcase>
  <testcase name="logTrueNegative" classname="CalculatorTest" time="0.001">
    <system-out><![CDATA[23:51:34.703 [main] INFO  calculator.Calculator - Natural Log 2.4
23:51:34.703 [main] INFO  calculator.Calculator - Result - Natural Log= 0.8754687373538999
23:51:34.703 [main] INFO  calculator.Calculator - Natural Log 2.1
23:51:34.704 [main] INFO  calculator.Calculator - Result - Natural Log= 0.7419373447293773
]]></system-out>
  </testcase>
  <testcase name="factorialTruePositive" classname="CalculatorTest" time="0">
    <system-out><![CDATA[23:51:34.704 [main] INFO  calculator.Calculator - Factorial - 4
23:51:34.704 [main] INFO  calculator.Calculator - Result - Factorial= 24
23:51:34.705 [main] INFO  calculator.Calculator - Factorial - 5
23:51:34.705 [main] INFO  calculator.Calculator - Result - Factorial= 120
]]></system-out>
  </testcase>
  <testcase name="factorialTrueNegative" classname="CalculatorTest" time="0">
    <system-out><![CDATA[23:51:34.705 [main] INFO  calculator.Calculator - Factorial - 5
23:51:34.706 [main] INFO  calculator.Calculator - Result - Factorial= 120
23:51:34.706 [main] INFO  calculator.Calculator - Factorial - 10
23:51:34.706 [main] INFO  calculator.Calculator - Result - Factorial= 3628800
]]></system-out>
  </testcase>
  <testcase name="powerTruePositive" classname="CalculatorTest" time="0">
    <system-out><![CDATA[23:51:34.707 [main] INFO  calculator.Calculator - Power 2.0 raised to 9.0
23:51:34.707 [main] INFO  calculator.Calculator - Result - Power= 512.0
23:51:34.707 [main] INFO  calculator.Calculator - Power 5.0 raised to 2.0
23:51:34.707 [main] INFO  calculator.Calculator - Result - Power= 25.0
]]></system-out>
  </testcase>
  <testcase name="powerTrueNegative" classname="CalculatorTest" time="0.001">
    <system-out><![CDATA[23:51:34.708 [main] INFO  calculator.Calculator - Power 2.0 raised to 2.0
23:51:34.708 [main] INFO  calculator.Calculator - Result - Power= 4.0
23:51:34.708 [main] INFO  calculator.Calculator - Power -2.0 raised to 2.0
23:51:34.709 [main] INFO  calculator.Calculator - Result - Power= 4.0
]]></system-out>
  </testcase>
  <testcase name="sqrootTruePositive" classname="CalculatorTest" time="0.002">
    <system-out><![CDATA[23:51:34.709 [main] INFO  calculator.Calculator - Sq root 100.0
23:51:34.709 [main] INFO  calculator.Calculator - Result - sq root= 10.0
23:51:34.710 [main] INFO  calculator.Calculator - Sq root 14641.0
23:51:34.710 [main] INFO  calculator.Calculator - Result - sq root= 121.0
]]></system-out>
  </testcase>
</testsuite>